16:48:41,836 DEBUG SQL:144 - insert into message (TEXT) values (?)
16:48:41,857 TRACE BasicBinder:64 - binding parameter [1] as [VARCHAR] - [Hello World! This is my first Message]
16:49:09,266 DEBUG IntegratorServiceImpl:46 - Adding Integrator [org.hibernate.cfg.beanvalidation.BeanValidationIntegrator].
16:49:09,269 DEBUG IntegratorServiceImpl:46 - Adding Integrator [org.hibernate.secure.spi.JaccIntegrator].
16:49:09,274 DEBUG IntegratorServiceImpl:46 - Adding Integrator [org.hibernate.cache.internal.CollectionCacheInvalidator].
16:49:09,283 TRACE StrategySelectorImpl:85 - Registering named strategy selector [org.hibernate.resource.transaction.spi.TransactionCoordinatorBuilder] : [jdbc] -> [org.hibernate.resource.transaction.backend.jdbc.internal.JdbcResourceLocalTransactionCoordinatorBuilderImpl]
16:49:09,286 TRACE StrategySelectorImpl:85 - Registering named strategy selector [org.hibernate.resource.transaction.spi.TransactionCoordinatorBuilder] : [jta] -> [org.hibernate.resource.transaction.backend.jta.internal.JtaTransactionCoordinatorBuilderImpl]
16:49:09,286 TRACE StrategySelectorImpl:85 - Registering named strategy selector [org.hibernate.resource.transaction.spi.TransactionCoordinatorBuilder] : [org.hibernate.transaction.JDBCTransactionFactory] -> [org.hibernate.resource.transaction.backend.jdbc.internal.JdbcResourceLocalTransactionCoordinatorBuilderImpl]
16:49:09,286 TRACE StrategySelectorImpl:85 - Registering named strategy selector [org.hibernate.resource.transaction.spi.TransactionCoordinatorBuilder] : [org.hibernate.transaction.JTATransactionFactory] -> [org.hibernate.resource.transaction.backend.jta.internal.JtaTransactionCoordinatorBuilderImpl]
16:49:09,286 TRACE StrategySelectorImpl:85 - Registering named strategy selector [org.hibernate.resource.transaction.spi.TransactionCoordinatorBuilder] : [org.hibernate.transaction.CMTTransactionFactory] -> [org.hibernate.resource.transaction.backend.jta.internal.JtaTransactionCoordinatorBuilderImpl]
16:49:09,287 TRACE StrategySelectorImpl:85 - Registering named strategy selector [org.hibernate.hql.spi.id.MultiTableBulkIdStrategy] : [persistent] -> [org.hibernate.hql.spi.id.persistent.PersistentTableBulkIdStrategy]
16:49:09,288 TRACE StrategySelectorImpl:85 - Registering named strategy selector [org.hibernate.hql.spi.id.MultiTableBulkIdStrategy] : [global_temporary] -> [org.hibernate.hql.spi.id.global.GlobalTemporaryTableBulkIdStrategy]
16:49:09,289 TRACE StrategySelectorImpl:85 - Registering named strategy selector [org.hibernate.hql.spi.id.MultiTableBulkIdStrategy] : [local_temporary] -> [org.hibernate.hql.spi.id.local.LocalTemporaryTableBulkIdStrategy]
16:49:09,290 TRACE StrategySelectorImpl:85 - Registering named strategy selector [org.hibernate.boot.model.naming.ImplicitNamingStrategy] : [default] -> [org.hibernate.boot.model.naming.ImplicitNamingStrategyJpaCompliantImpl]
16:49:09,291 TRACE StrategySelectorImpl:85 - Registering named strategy selector [org.hibernate.boot.model.naming.ImplicitNamingStrategy] : [jpa] -> [org.hibernate.boot.model.naming.ImplicitNamingStrategyJpaCompliantImpl]
16:49:09,291 TRACE StrategySelectorImpl:85 - Registering named strategy selector [org.hibernate.boot.model.naming.ImplicitNamingStrategy] : [legacy-jpa] -> [org.hibernate.boot.model.naming.ImplicitNamingStrategyLegacyJpaImpl]
16:49:09,292 TRACE StrategySelectorImpl:85 - Registering named strategy selector [org.hibernate.boot.model.naming.ImplicitNamingStrategy] : [legacy-hbm] -> [org.hibernate.boot.model.naming.ImplicitNamingStrategyLegacyHbmImpl]
16:49:09,292 TRACE StrategySelectorImpl:85 - Registering named strategy selector [org.hibernate.boot.model.naming.ImplicitNamingStrategy] : [component-path] -> [org.hibernate.boot.model.naming.ImplicitNamingStrategyComponentPathImpl]
16:49:09,295 TRACE StrategySelectorImpl:85 - Registering named strategy selector [org.hibernate.cache.spi.CacheKeysFactory] : [default] -> [org.hibernate.cache.internal.DefaultCacheKeysFactory]
16:49:09,295 TRACE StrategySelectorImpl:85 - Registering named strategy selector [org.hibernate.cache.spi.CacheKeysFactory] : [simple] -> [org.hibernate.cache.internal.SimpleCacheKeysFactory]
16:49:09,299  INFO Version:44 - HHH000412: Hibernate ORM core version 5.4.27.Final
16:49:09,301 DEBUG Environment:199 - HHH000206: hibernate.properties not found
16:49:09,417 TRACE ClassLoaderServiceImpl:182 - trying via [new URL("hibernate.cfg.xml")]
16:49:09,417 TRACE ClassLoaderServiceImpl:193 - trying via [ClassLoader.getResourceAsStream("hibernate.cfg.xml")]
16:49:09,449 TRACE LocalXmlResourceResolver:35 - In resolveEntity(-//Hibernate/Hibernate Configuration DTD 3.0//EN, http://www.hibernate.org/dtd/hibernate-configuration-3.0.dtd, null, null)
16:49:09,449 DEBUG LocalXmlResourceResolver:63 - Interpreting public/system identifier : [-//Hibernate/Hibernate Configuration DTD 3.0//EN] - [http://www.hibernate.org/dtd/hibernate-configuration-3.0.dtd]
16:49:09,449 DEBUG LocalXmlResourceResolver:91 - Recognized hibernate-configuration identifier; attempting to resolve on classpath under org/hibernate/
16:49:09,455 DEBUG JaxbCfgProcessor:117 - cfg.xml document did not define namespaces; wrapping in custom event reader to introduce namespace information
16:49:09,655 DEBUG ServiceBinding:68 - Overriding existing service binding [org.hibernate.secure.spi.JaccService]
16:49:09,661 TRACE AbstractServiceRegistryImpl:233 - Initializing service [role=org.hibernate.engine.config.spi.ConfigurationService]
16:49:09,664 TRACE AbstractServiceRegistryImpl:233 - Initializing service [role=org.hibernate.cache.spi.RegionFactory]
16:49:09,665 DEBUG RegionFactoryInitiator:118 - Cannot default RegionFactory based on registered strategies as `[]` RegionFactory strategies were registered
16:49:09,665 DEBUG RegionFactoryInitiator:49 - Cache region factory : org.hibernate.cache.internal.NoCachingRegionFactory
16:49:09,680  INFO Version:56 - HCANN000001: Hibernate Commons Annotations {5.1.2.Final}
16:49:09,737 DEBUG BasicTypeRegistry:157 - Adding type registration boolean -> org.hibernate.type.BooleanType@58c34bb3
16:49:09,738 DEBUG BasicTypeRegistry:157 - Adding type registration boolean -> org.hibernate.type.BooleanType@58c34bb3
16:49:09,738 DEBUG BasicTypeRegistry:157 - Adding type registration java.lang.Boolean -> org.hibernate.type.BooleanType@58c34bb3
16:49:09,739 DEBUG BasicTypeRegistry:157 - Adding type registration numeric_boolean -> org.hibernate.type.NumericBooleanType@62f4ff3b
16:49:09,739 DEBUG BasicTypeRegistry:157 - Adding type registration true_false -> org.hibernate.type.TrueFalseType@65b3a85a
16:49:09,740 DEBUG BasicTypeRegistry:157 - Adding type registration yes_no -> org.hibernate.type.YesNoType@53d1b9b3
16:49:09,741 DEBUG BasicTypeRegistry:157 - Adding type registration byte -> org.hibernate.type.ByteType@4febb875
16:49:09,741 DEBUG BasicTypeRegistry:157 - Adding type registration byte -> org.hibernate.type.ByteType@4febb875
16:49:09,741 DEBUG BasicTypeRegistry:157 - Adding type registration java.lang.Byte -> org.hibernate.type.ByteType@4febb875
16:49:09,742 DEBUG BasicTypeRegistry:157 - Adding type registration character -> org.hibernate.type.CharacterType@42e3ede4
16:49:09,742 DEBUG BasicTypeRegistry:157 - Adding type registration char -> org.hibernate.type.CharacterType@42e3ede4
16:49:09,742 DEBUG BasicTypeRegistry:157 - Adding type registration java.lang.Character -> org.hibernate.type.CharacterType@42e3ede4
16:49:09,743 DEBUG BasicTypeRegistry:157 - Adding type registration short -> org.hibernate.type.ShortType@b78a709
16:49:09,744 DEBUG BasicTypeRegistry:157 - Adding type registration short -> org.hibernate.type.ShortType@b78a709
16:49:09,744 DEBUG BasicTypeRegistry:157 - Adding type registration java.lang.Short -> org.hibernate.type.ShortType@b78a709
16:49:09,745 DEBUG BasicTypeRegistry:157 - Adding type registration integer -> org.hibernate.type.IntegerType@a776e
16:49:09,745 DEBUG BasicTypeRegistry:157 - Adding type registration int -> org.hibernate.type.IntegerType@a776e
16:49:09,745 DEBUG BasicTypeRegistry:157 - Adding type registration java.lang.Integer -> org.hibernate.type.IntegerType@a776e
16:49:09,746 DEBUG BasicTypeRegistry:157 - Adding type registration long -> org.hibernate.type.LongType@505a9d7c
16:49:09,746 DEBUG BasicTypeRegistry:157 - Adding type registration long -> org.hibernate.type.LongType@505a9d7c
16:49:09,746 DEBUG BasicTypeRegistry:157 - Adding type registration java.lang.Long -> org.hibernate.type.LongType@505a9d7c
16:49:09,747 DEBUG BasicTypeRegistry:157 - Adding type registration float -> org.hibernate.type.FloatType@24b6b8f6
16:49:09,747 DEBUG BasicTypeRegistry:157 - Adding type registration float -> org.hibernate.type.FloatType@24b6b8f6
16:49:09,747 DEBUG BasicTypeRegistry:157 - Adding type registration java.lang.Float -> org.hibernate.type.FloatType@24b6b8f6
16:49:09,748 DEBUG BasicTypeRegistry:157 - Adding type registration double -> org.hibernate.type.DoubleType@14b030a0
16:49:09,748 DEBUG BasicTypeRegistry:157 - Adding type registration double -> org.hibernate.type.DoubleType@14b030a0
16:49:09,748 DEBUG BasicTypeRegistry:157 - Adding type registration java.lang.Double -> org.hibernate.type.DoubleType@14b030a0
16:49:09,749 DEBUG BasicTypeRegistry:157 - Adding type registration big_decimal -> org.hibernate.type.BigDecimalType@75e91545
16:49:09,749 DEBUG BasicTypeRegistry:157 - Adding type registration java.math.BigDecimal -> org.hibernate.type.BigDecimalType@75e91545
16:49:09,749 DEBUG BasicTypeRegistry:157 - Adding type registration big_integer -> org.hibernate.type.BigIntegerType@4b672daa
16:49:09,750 DEBUG BasicTypeRegistry:157 - Adding type registration java.math.BigInteger -> org.hibernate.type.BigIntegerType@4b672daa
16:49:09,750 DEBUG BasicTypeRegistry:157 - Adding type registration string -> org.hibernate.type.StringType@1c7fd41f
16:49:09,750 DEBUG BasicTypeRegistry:157 - Adding type registration java.lang.String -> org.hibernate.type.StringType@1c7fd41f
16:49:09,750 DEBUG BasicTypeRegistry:157 - Adding type registration nstring -> org.hibernate.type.StringNVarcharType@60dce7ea
16:49:09,751 DEBUG BasicTypeRegistry:157 - Adding type registration ncharacter -> org.hibernate.type.CharacterNCharType@27305e6
16:49:09,752 DEBUG BasicTypeRegistry:157 - Adding type registration url -> org.hibernate.type.UrlType@4fbda97b
16:49:09,752 DEBUG BasicTypeRegistry:157 - Adding type registration java.net.URL -> org.hibernate.type.UrlType@4fbda97b
16:49:09,753 DEBUG BasicTypeRegistry:157 - Adding type registration Duration -> org.hibernate.type.DurationType@354fc8f0
16:49:09,753 DEBUG BasicTypeRegistry:157 - Adding type registration java.time.Duration -> org.hibernate.type.DurationType@354fc8f0
16:49:09,762 DEBUG BasicTypeRegistry:157 - Adding type registration Instant -> org.hibernate.type.InstantType@1e63ec0b
16:49:09,762 DEBUG BasicTypeRegistry:157 - Adding type registration java.time.Instant -> org.hibernate.type.InstantType@1e63ec0b
16:49:09,764 DEBUG BasicTypeRegistry:157 - Adding type registration LocalDateTime -> org.hibernate.type.LocalDateTimeType@64dafeed
16:49:09,764 DEBUG BasicTypeRegistry:157 - Adding type registration java.time.LocalDateTime -> org.hibernate.type.LocalDateTimeType@64dafeed
16:49:09,765 DEBUG BasicTypeRegistry:157 - Adding type registration LocalDate -> org.hibernate.type.LocalDateType@6111ba37
16:49:09,766 DEBUG BasicTypeRegistry:157 - Adding type registration java.time.LocalDate -> org.hibernate.type.LocalDateType@6111ba37
16:49:09,767 DEBUG BasicTypeRegistry:157 - Adding type registration LocalTime -> org.hibernate.type.LocalTimeType@4721d212
16:49:09,767 DEBUG BasicTypeRegistry:157 - Adding type registration java.time.LocalTime -> org.hibernate.type.LocalTimeType@4721d212
16:49:09,768 DEBUG BasicTypeRegistry:157 - Adding type registration OffsetDateTime -> org.hibernate.type.OffsetDateTimeType@654d8173
16:49:09,769 DEBUG BasicTypeRegistry:157 - Adding type registration java.time.OffsetDateTime -> org.hibernate.type.OffsetDateTimeType@654d8173
16:49:09,770 DEBUG BasicTypeRegistry:157 - Adding type registration OffsetTime -> org.hibernate.type.OffsetTimeType@239b0f9d
16:49:09,771 DEBUG BasicTypeRegistry:157 - Adding type registration java.time.OffsetTime -> org.hibernate.type.OffsetTimeType@239b0f9d
16:49:09,773 DEBUG BasicTypeRegistry:157 - Adding type registration ZonedDateTime -> org.hibernate.type.ZonedDateTimeType@4c37b5b
16:49:09,773 DEBUG BasicTypeRegistry:157 - Adding type registration java.time.ZonedDateTime -> org.hibernate.type.ZonedDateTimeType@4c37b5b
16:49:09,774 DEBUG BasicTypeRegistry:157 - Adding type registration date -> org.hibernate.type.DateType@546ccad7
16:49:09,774 DEBUG BasicTypeRegistry:157 - Adding type registration java.sql.Date -> org.hibernate.type.DateType@546ccad7
16:49:09,776 DEBUG BasicTypeRegistry:157 - Adding type registration time -> org.hibernate.type.TimeType@5b04476e
16:49:09,776 DEBUG BasicTypeRegistry:157 - Adding type registration java.sql.Time -> org.hibernate.type.TimeType@5b04476e
16:49:09,777 DEBUG BasicTypeRegistry:157 - Adding type registration timestamp -> org.hibernate.type.TimestampType@3f363cf5
16:49:09,777 DEBUG BasicTypeRegistry:157 - Adding type registration java.sql.Timestamp -> org.hibernate.type.TimestampType@3f363cf5
16:49:09,777 DEBUG BasicTypeRegistry:157 - Adding type registration java.util.Date -> org.hibernate.type.TimestampType@3f363cf5
16:49:09,778 DEBUG BasicTypeRegistry:157 - Adding type registration dbtimestamp -> org.hibernate.type.DbTimestampType@15eebbff
16:49:09,780 DEBUG BasicTypeRegistry:157 - Adding type registration calendar -> org.hibernate.type.CalendarType@3e34ace1
16:49:09,780 DEBUG BasicTypeRegistry:157 - Adding type registration java.util.Calendar -> org.hibernate.type.CalendarType@3e34ace1
16:49:09,780 DEBUG BasicTypeRegistry:157 - Adding type registration java.util.GregorianCalendar -> org.hibernate.type.CalendarType@3e34ace1
16:49:09,781 DEBUG BasicTypeRegistry:157 - Adding type registration calendar_date -> org.hibernate.type.CalendarDateType@47404bea
16:49:09,782 DEBUG BasicTypeRegistry:157 - Adding type registration calendar_time -> org.hibernate.type.CalendarTimeType@38be305c
16:49:09,783 DEBUG BasicTypeRegistry:157 - Adding type registration locale -> org.hibernate.type.LocaleType@557a1e2d
16:49:09,783 DEBUG BasicTypeRegistry:157 - Adding type registration java.util.Locale -> org.hibernate.type.LocaleType@557a1e2d
16:49:09,784 DEBUG BasicTypeRegistry:157 - Adding type registration currency -> org.hibernate.type.CurrencyType@4b3c354a
16:49:09,784 DEBUG BasicTypeRegistry:157 - Adding type registration java.util.Currency -> org.hibernate.type.CurrencyType@4b3c354a
16:49:09,786 DEBUG BasicTypeRegistry:157 - Adding type registration timezone -> org.hibernate.type.TimeZoneType@54227100
16:49:09,787 DEBUG BasicTypeRegistry:157 - Adding type registration java.util.TimeZone -> org.hibernate.type.TimeZoneType@54227100
16:49:09,788 DEBUG BasicTypeRegistry:157 - Adding type registration class -> org.hibernate.type.ClassType@4763c727
16:49:09,788 DEBUG BasicTypeRegistry:157 - Adding type registration java.lang.Class -> org.hibernate.type.ClassType@4763c727
16:49:09,788 DEBUG BasicTypeRegistry:157 - Adding type registration uuid-binary -> org.hibernate.type.UUIDBinaryType@9ed238c
16:49:09,789 DEBUG BasicTypeRegistry:157 - Adding type registration java.util.UUID -> org.hibernate.type.UUIDBinaryType@9ed238c
16:49:09,789 DEBUG BasicTypeRegistry:157 - Adding type registration uuid-char -> org.hibernate.type.UUIDCharType@36676c1a
16:49:09,790 DEBUG BasicTypeRegistry:157 - Adding type registration binary -> org.hibernate.type.BinaryType@2692b61e
16:49:09,790 DEBUG BasicTypeRegistry:157 - Adding type registration byte[] -> org.hibernate.type.BinaryType@2692b61e
16:49:09,790 DEBUG BasicTypeRegistry:157 - Adding type registration [B -> org.hibernate.type.BinaryType@2692b61e
16:49:09,791 DEBUG BasicTypeRegistry:157 - Adding type registration wrapper-binary -> org.hibernate.type.WrapperBinaryType@4f2613d1
16:49:09,791 DEBUG BasicTypeRegistry:157 - Adding type registration Byte[] -> org.hibernate.type.WrapperBinaryType@4f2613d1
16:49:09,791 DEBUG BasicTypeRegistry:157 - Adding type registration [Ljava.lang.Byte; -> org.hibernate.type.WrapperBinaryType@4f2613d1
16:49:09,792 DEBUG BasicTypeRegistry:157 - Adding type registration row_version -> org.hibernate.type.RowVersionType@83298d7
16:49:09,793 DEBUG BasicTypeRegistry:157 - Adding type registration image -> org.hibernate.type.ImageType@6b54655f
16:49:09,793 DEBUG BasicTypeRegistry:157 - Adding type registration characters -> org.hibernate.type.CharArrayType@71984c3
16:49:09,794 DEBUG BasicTypeRegistry:157 - Adding type registration char[] -> org.hibernate.type.CharArrayType@71984c3
16:49:09,794 DEBUG BasicTypeRegistry:157 - Adding type registration [C -> org.hibernate.type.CharArrayType@71984c3
16:49:09,799 DEBUG BasicTypeRegistry:157 - Adding type registration wrapper-characters -> org.hibernate.type.CharacterArrayType@1bc715b8
16:49:09,799 DEBUG BasicTypeRegistry:157 - Adding type registration [Ljava.lang.Character; -> org.hibernate.type.CharacterArrayType@1bc715b8
16:49:09,799 DEBUG BasicTypeRegistry:157 - Adding type registration Character[] -> org.hibernate.type.CharacterArrayType@1bc715b8
16:49:09,805 DEBUG BasicTypeRegistry:157 - Adding type registration text -> org.hibernate.type.TextType@1c55f277
16:49:09,805 DEBUG BasicTypeRegistry:157 - Adding type registration ntext -> org.hibernate.type.NTextType@50eca7c6
16:49:09,807 DEBUG BasicTypeRegistry:157 - Adding type registration blob -> org.hibernate.type.BlobType@64df9a61
16:49:09,807 DEBUG BasicTypeRegistry:157 - Adding type registration java.sql.Blob -> org.hibernate.type.BlobType@64df9a61
16:49:09,807 DEBUG BasicTypeRegistry:157 - Adding type registration materialized_blob -> org.hibernate.type.MaterializedBlobType@34a97744
16:49:09,808 DEBUG BasicTypeRegistry:157 - Adding type registration clob -> org.hibernate.type.ClobType@58bf8650
16:49:09,809 DEBUG BasicTypeRegistry:157 - Adding type registration java.sql.Clob -> org.hibernate.type.ClobType@58bf8650
16:49:09,810 DEBUG BasicTypeRegistry:157 - Adding type registration nclob -> org.hibernate.type.NClobType@5860f3d7
16:49:09,810 DEBUG BasicTypeRegistry:157 - Adding type registration java.sql.NClob -> org.hibernate.type.NClobType@5860f3d7
16:49:09,810 DEBUG BasicTypeRegistry:157 - Adding type registration materialized_clob -> org.hibernate.type.MaterializedClobType@427b5f92
16:49:09,811 DEBUG BasicTypeRegistry:157 - Adding type registration materialized_nclob -> org.hibernate.type.MaterializedNClobType@2c7d121c
16:49:09,811 DEBUG BasicTypeRegistry:157 - Adding type registration serializable -> org.hibernate.type.SerializableType@4bf3798b
16:49:09,814 DEBUG BasicTypeRegistry:157 - Adding type registration object -> org.hibernate.type.ObjectType@7db82169
16:49:09,814 DEBUG BasicTypeRegistry:157 - Adding type registration java.lang.Object -> org.hibernate.type.ObjectType@7db82169
16:49:09,814 DEBUG BasicTypeRegistry:157 - Adding type registration imm_date -> org.hibernate.type.AdaptedImmutableType@3f28bd56
16:49:09,815 DEBUG BasicTypeRegistry:157 - Adding type registration imm_time -> org.hibernate.type.AdaptedImmutableType@31e3250d
16:49:09,815 DEBUG BasicTypeRegistry:157 - Adding type registration imm_timestamp -> org.hibernate.type.AdaptedImmutableType@19fe4644
16:49:09,815 DEBUG BasicTypeRegistry:157 - Adding type registration imm_dbtimestamp -> org.hibernate.type.AdaptedImmutableType@21d8bcbe
16:49:09,815 DEBUG BasicTypeRegistry:157 - Adding type registration imm_calendar -> org.hibernate.type.AdaptedImmutableType@5be067de
16:49:09,815 DEBUG BasicTypeRegistry:157 - Adding type registration imm_calendar_date -> org.hibernate.type.AdaptedImmutableType@7383eae2
16:49:09,816 DEBUG BasicTypeRegistry:157 - Adding type registration imm_binary -> org.hibernate.type.AdaptedImmutableType@18245eb0
16:49:09,816 DEBUG BasicTypeRegistry:157 - Adding type registration imm_serializable -> org.hibernate.type.AdaptedImmutableType@7c7d3c46
16:49:09,823 TRACE AbstractServiceRegistryImpl:233 - Initializing service [role=org.hibernate.boot.cfgxml.spi.CfgXmlAccessService]
16:49:09,837 TRACE AbstractServiceRegistryImpl:233 - Initializing service [role=org.hibernate.id.factory.spi.MutableIdentifierGeneratorFactory]
16:49:09,840 DEBUG DefaultIdentifierGeneratorFactory:81 - Registering IdentifierGenerator strategy [uuid2] -> [org.hibernate.id.UUIDGenerator]
16:49:09,840 DEBUG DefaultIdentifierGeneratorFactory:81 - Registering IdentifierGenerator strategy [guid] -> [org.hibernate.id.GUIDGenerator]
16:49:09,841 DEBUG DefaultIdentifierGeneratorFactory:81 - Registering IdentifierGenerator strategy [uuid] -> [org.hibernate.id.UUIDHexGenerator]
16:49:09,841 DEBUG DefaultIdentifierGeneratorFactory:81 - Registering IdentifierGenerator strategy [uuid.hex] -> [org.hibernate.id.UUIDHexGenerator]
16:49:09,842 DEBUG DefaultIdentifierGeneratorFactory:81 - Registering IdentifierGenerator strategy [assigned] -> [org.hibernate.id.Assigned]
16:49:09,842 DEBUG DefaultIdentifierGeneratorFactory:81 - Registering IdentifierGenerator strategy [identity] -> [org.hibernate.id.IdentityGenerator]
16:49:09,843 DEBUG DefaultIdentifierGeneratorFactory:81 - Registering IdentifierGenerator strategy [select] -> [org.hibernate.id.SelectGenerator]
16:49:09,845 DEBUG DefaultIdentifierGeneratorFactory:81 - Registering IdentifierGenerator strategy [sequence] -> [org.hibernate.id.enhanced.SequenceStyleGenerator]
16:49:09,845 DEBUG DefaultIdentifierGeneratorFactory:81 - Registering IdentifierGenerator strategy [seqhilo] -> [org.hibernate.id.SequenceHiLoGenerator]
16:49:09,846 DEBUG DefaultIdentifierGeneratorFactory:81 - Registering IdentifierGenerator strategy [increment] -> [org.hibernate.id.IncrementGenerator]
16:49:09,846 DEBUG DefaultIdentifierGeneratorFactory:81 - Registering IdentifierGenerator strategy [foreign] -> [org.hibernate.id.ForeignGenerator]
16:49:09,847 DEBUG DefaultIdentifierGeneratorFactory:81 - Registering IdentifierGenerator strategy [sequence-identity] -> [org.hibernate.id.SequenceIdentityGenerator]
16:49:09,847 DEBUG DefaultIdentifierGeneratorFactory:81 - Registering IdentifierGenerator strategy [enhanced-sequence] -> [org.hibernate.id.enhanced.SequenceStyleGenerator]
16:49:09,847 DEBUG DefaultIdentifierGeneratorFactory:81 - Registering IdentifierGenerator strategy [enhanced-table] -> [org.hibernate.id.enhanced.TableGenerator]
16:49:09,848 TRACE AbstractServiceRegistryImpl:233 - Initializing service [role=org.hibernate.engine.jdbc.env.spi.JdbcEnvironment]
16:49:09,848 TRACE AbstractServiceRegistryImpl:233 - Initializing service [role=org.hibernate.engine.jdbc.dialect.spi.DialectFactory]
16:49:09,848 TRACE AbstractServiceRegistryImpl:233 - Initializing service [role=org.hibernate.engine.jdbc.dialect.spi.DialectResolver]
16:49:09,849 TRACE AbstractServiceRegistryImpl:233 - Initializing service [role=org.hibernate.engine.jdbc.connections.spi.ConnectionProvider]
16:49:09,852  WARN pooling:72 - HHH10001002: Using Hibernate built-in connection pool (not for production use!)
16:49:09,852 DEBUG pooling:143 - No driver class specified
16:49:09,853  INFO pooling:115 - HHH10001005: using driver [null] at URL [jdbc:mysql://localhost:3306/helloworld]
16:49:09,853  INFO pooling:121 - HHH10001001: Connection properties: {password=rootpassword, driver.class=com.mysql.cj.jdbc.Driver, user=root}
16:49:09,853  INFO pooling:129 - HHH10001003: Autocommit mode: false
16:49:09,855 DEBUG DriverManagerConnectionProviderImpl:384 - Initializing Connection pool with 1 Connections
16:49:09,855  INFO DriverManagerConnectionProviderImpl:259 - HHH000115: Hibernate connection pool size: 20 (min=1)
16:49:10,194 DEBUG JdbcEnvironmentInitiator:72 - Database ->
       name : MySQL
    version : 8.0.23
      major : 8
      minor : 0
16:49:10,194 DEBUG JdbcEnvironmentInitiator:83 - Driver ->
       name : MySQL Connector/J
    version : mysql-connector-java-8.0.23 (Revision: 18bbd5e68195d0da083cbd5bd0d05d76320df7cd)
      major : 8
      minor : 0
16:49:10,195 DEBUG JdbcEnvironmentInitiator:389 - JDBC version : 4.2
16:49:10,202  INFO Dialect:175 - HHH000400: Using dialect: org.hibernate.dialect.MySQLDialect
16:49:10,213 DEBUG IdentifierHelperBuilder:115 - JDBC driver metadata reported database stores quoted identifiers in more than one case
16:49:10,236 DEBUG IdentifierHelperBuilder:189 - IdentifierCaseStrategy for both quoted and unquoted identifiers was set to the same strategy [LOWER]; that will likely lead to problems in schema update and validation if using quoted identifiers
16:49:10,252 TRACE NormalizingIdentifierHelperImpl:59 - Normalizing identifier quoting [helloworld]
16:49:10,252 TRACE NormalizingIdentifierHelperImpl:59 - Normalizing identifier quoting [null]
16:49:10,260 TRACE AbstractServiceRegistryImpl:233 - Initializing service [role=org.hibernate.engine.jdbc.spi.JdbcServices]
16:49:10,263 DEBUG Namespace:51 - Created database namespace [logicalName=Name{catalog=null, schema=null}, physicalName=Name{catalog=null, schema=null}]
16:49:10,265 DEBUG TypeConfiguration$Scope:152 - Scoping TypeConfiguration [org.hibernate.type.spi.TypeConfiguration@3051e0b2] to MetadataBuildingContext [org.hibernate.boot.internal.MetadataBuildingContextRootImpl@1f52eb6f]
16:49:10,298 DEBUG AnnotationBinder:558 - Binding entity from annotated class: org.learnings.jpa.object.relational.impedance.hello.world.model.Message
16:49:10,319 TRACE NormalizingIdentifierHelperImpl:59 - Normalizing identifier quoting [DTYPE]
16:49:10,319 DEBUG Ejb3Column:213 - Binding column: Ejb3DiscriminatorColumn{logicalColumnName'DTYPE', discriminatorTypeName='string'}
16:49:10,323 DEBUG EntityBinder:430 - Import with entity name Message
16:49:10,323 TRACE InFlightMetadataCollectorImpl:725 - Import: Message -> org.learnings.jpa.object.relational.impedance.hello.world.model.Message
16:49:10,323 TRACE InFlightMetadataCollectorImpl:725 - Import: org.learnings.jpa.object.relational.impedance.hello.world.model.Message -> org.learnings.jpa.object.relational.impedance.hello.world.model.Message
16:49:10,324 TRACE NormalizingIdentifierHelperImpl:59 - Normalizing identifier quoting [message]
16:49:10,324 TRACE NormalizingIdentifierHelperImpl:59 - Normalizing identifier quoting [message]
16:49:10,325 DEBUG EntityBinder:873 - Bind entity org.learnings.jpa.object.relational.impedance.hello.world.model.Message on table message
16:49:10,339 TRACE AnnotationBinder:1658 - Processing annotations of org.learnings.jpa.object.relational.impedance.hello.world.model.Message.id
16:49:10,341 TRACE NormalizingIdentifierHelperImpl:59 - Normalizing identifier quoting [ID]
16:49:10,342 TRACE NormalizingIdentifierHelperImpl:59 - Normalizing identifier quoting [ID]
16:49:10,342 DEBUG Ejb3Column:213 - Binding column: Ejb3Column{table=org.hibernate.mapping.Table(message), mappingColumn=ID, insertable=true, updatable=true, unique=false}
16:49:10,344 DEBUG ClassLoaderAccessImpl:60 - Not known whether passed class name [org.learnings.jpa.object.relational.impedance.hello.world.model.Message] is safe
16:49:10,344 DEBUG ClassLoaderAccessImpl:62 - No temp ClassLoader provided; using live ClassLoader for loading potentially unsafe class : org.learnings.jpa.object.relational.impedance.hello.world.model.Message
16:49:10,345 DEBUG PropertyBinder:175 - MetadataSourceProcessor property id with lazy=false
16:49:10,346 DEBUG AbstractPropertyHolder:94 - Attempting to locate auto-apply AttributeConverter for property [org.learnings.jpa.object.relational.impedance.hello.world.model.Message:id]
16:49:10,348 DEBUG SimpleValueBinder:410 - building SimpleValue for id
16:49:10,349 TRACE NormalizingIdentifierHelperImpl:59 - Normalizing identifier quoting [ID]
16:49:10,349 DEBUG PropertyBinder:266 - Building property id
16:49:10,352 TRACE PropertyBinder:329 - Cascading id with null
16:49:10,353 DEBUG BinderHelper:643 - #makeIdGenerator(org.hibernate.mapping.SimpleValue([org.hibernate.mapping.Column(ID)]), id, identity, , ...)
16:49:10,354 TRACE AnnotationBinder:2471 - Bind @Id on id
16:49:10,354 TRACE AnnotationBinder:1658 - Processing annotations of org.learnings.jpa.object.relational.impedance.hello.world.model.Message.text
16:49:10,354 TRACE NormalizingIdentifierHelperImpl:59 - Normalizing identifier quoting [TEXT]
16:49:10,354 TRACE NormalizingIdentifierHelperImpl:59 - Normalizing identifier quoting [TEXT]
16:49:10,354 DEBUG Ejb3Column:213 - Binding column: Ejb3Column{table=org.hibernate.mapping.Table(message), mappingColumn=TEXT, insertable=true, updatable=true, unique=false}
16:49:10,354 DEBUG PropertyBinder:175 - MetadataSourceProcessor property text with lazy=false
16:49:10,354 DEBUG AbstractPropertyHolder:94 - Attempting to locate auto-apply AttributeConverter for property [org.learnings.jpa.object.relational.impedance.hello.world.model.Message:text]
16:49:10,355 DEBUG SimpleValueBinder:410 - building SimpleValue for text
16:49:10,355 TRACE NormalizingIdentifierHelperImpl:59 - Normalizing identifier quoting [TEXT]
16:49:10,355 DEBUG PropertyBinder:266 - Building property text
16:49:10,355 TRACE PropertyBinder:329 - Cascading text with null
16:49:10,357 DEBUG SimpleValueBinder:455 - Starting fillSimpleValue for id
16:49:10,357 DEBUG SimpleValueBinder:455 - Starting fillSimpleValue for text
16:49:10,359 DEBUG PrimaryKey:35 - Forcing column [id] to be non-null as it is part of the primary key for table [message]
16:49:10,362 TRACE AbstractServiceRegistryImpl:233 - Initializing service [role=org.hibernate.boot.spi.SessionFactoryBuilderService]
16:49:10,371 TRACE BatchFetchStyle:51 - Interpreting BatchFetchStyle from setting : null
16:49:10,373 TRACE AbstractServiceRegistryImpl:233 - Initializing service [role=org.hibernate.resource.transaction.spi.TransactionCoordinatorBuilder]
16:49:10,375 TRACE AbstractServiceRegistryImpl:233 - Initializing service [role=org.hibernate.bytecode.spi.BytecodeProvider]
16:49:10,385 DEBUG SessionFactoryImpl:203 - Building session factory
16:49:10,386 DEBUG Settings:68 - SessionFactory name : null
16:49:10,386 DEBUG Settings:69 - Automatic flush during beforeCompletion(): enabled
16:49:10,387 DEBUG Settings:70 - Automatic session close at end of transaction: disabled
16:49:10,387 DEBUG Settings:72 - Statistics: disabled
16:49:10,387 DEBUG Settings:74 - Deleted entity synthetic identifier rollback: disabled
16:49:10,387 DEBUG Settings:75 - Default entity-mode: pojo
16:49:10,387 DEBUG Settings:76 - Check Nullability in Core (should be disabled when Bean Validation is on): enabled
16:49:10,387 DEBUG Settings:77 - Allow initialization of lazy state outside session : disabled
16:49:10,387 DEBUG Settings:79 - Using BatchFetchStyle : LEGACY
16:49:10,387 DEBUG Settings:80 - Default batch fetch size: -1
16:49:10,387 DEBUG Settings:81 - Maximum outer join fetch depth: 2
16:49:10,387 DEBUG Settings:82 - Default null ordering: NONE
16:49:10,387 DEBUG Settings:83 - Order SQL updates by primary key: disabled
16:49:10,387 DEBUG Settings:84 - Order SQL inserts for batching: disabled
16:49:10,388 DEBUG Settings:86 - multi-tenancy strategy : NONE
16:49:10,388 DEBUG Settings:88 - JTA Track by Thread: enabled
16:49:10,388 DEBUG Settings:90 - Query language substitutions: {}
16:49:10,388 DEBUG Settings:91 - Named query checking : enabled
16:49:10,388 DEBUG Settings:93 - Second-level cache: disabled
16:49:10,388 DEBUG Settings:94 - Second-level query cache: disabled
16:49:10,388 DEBUG Settings:95 - Second-level query cache factory: null
16:49:10,389 DEBUG Settings:96 - Second-level cache region prefix: null
16:49:10,389 DEBUG Settings:97 - Optimize second-level cache for minimal puts: disabled
16:49:10,389 DEBUG Settings:98 - Structured second-level cache entries: disabled
16:49:10,389 DEBUG Settings:99 - Second-level cache direct-reference entries: disabled
16:49:10,389 DEBUG Settings:100 - Automatic eviction of collection cache: disabled
16:49:10,389 DEBUG Settings:102 - JDBC batch size: 15
16:49:10,389 DEBUG Settings:103 - JDBC batch updates for versioned data: enabled
16:49:10,389 DEBUG Settings:104 - Scrollable result sets: enabled
16:49:10,389 DEBUG Settings:105 - Wrap result sets: disabled
16:49:10,389 DEBUG Settings:106 - JDBC3 getGeneratedKeys(): enabled
16:49:10,389 DEBUG Settings:107 - JDBC result set fetch size: null
16:49:10,390 DEBUG Settings:108 - Connection release mode: AFTER_TRANSACTION
16:49:10,390 DEBUG Settings:109 - Generate SQL with comments: disabled
16:49:10,390 DEBUG Settings:111 - JPA compliance - query : disabled
16:49:10,390 DEBUG Settings:112 - JPA compliance - closed-handling : disabled
16:49:10,391 DEBUG Settings:113 - JPA compliance - lists : disabled
16:49:10,391 DEBUG Settings:114 - JPA compliance - transactions : disabled
16:49:10,391 TRACE AbstractServiceRegistryImpl:233 - Initializing service [role=org.hibernate.service.spi.SessionFactoryServiceRegistryFactory]
16:49:10,397 TRACE AbstractServiceRegistryImpl:233 - Initializing service [role=org.hibernate.event.service.spi.EventListenerRegistry]
16:49:10,435 TRACE AbstractServiceRegistryImpl:233 - Initializing service [role=org.hibernate.resource.beans.spi.ManagedBeanRegistry]
16:49:10,440 TRACE AbstractServiceRegistryImpl:233 - Initializing service [role=org.hibernate.cache.spi.CacheImplementor]
16:49:10,449 DEBUG SessionFactoryImpl:258 - Session factory constructed with filter configurations : {}
16:49:10,449 DEBUG SessionFactoryImpl:259 - Instantiating session factory with properties: {connection.driver.class=com.mysql.cj.jdbc.Driver, dialect=org.hibernate.dialect.MySQLDialect, java.specification.version=14, sun.cpu.isalist=amd64, sun.jnu.encoding=Cp1252, hibernate.dialect=org.hibernate.dialect.MySQLDialect, java.class.path=C:\Users\romit\Work\codebase\jpa-tutorial\jpa-orm\target\classes;C:\Users\romit\Work\repository\mysql\mysql-connector-java\8.0.23\mysql-connector-java-8.0.23.jar;C:\Users\romit\Work\repository\com\google\protobuf\protobuf-java\3.11.4\protobuf-java-3.11.4.jar;C:\Users\romit\Work\repository\org\hibernate\hibernate-core\5.4.27.Final\hibernate-core-5.4.27.Final.jar;C:\Users\romit\Work\repository\org\jboss\logging\jboss-logging\3.4.1.Final\jboss-logging-3.4.1.Final.jar;C:\Users\romit\Work\repository\javax\persistence\javax.persistence-api\2.2\javax.persistence-api-2.2.jar;C:\Users\romit\Work\repository\org\javassist\javassist\3.27.0-GA\javassist-3.27.0-GA.jar;C:\Users\romit\Work\repository\net\bytebuddy\byte-buddy\1.10.17\byte-buddy-1.10.17.jar;C:\Users\romit\Work\repository\antlr\antlr\2.7.7\antlr-2.7.7.jar;C:\Users\romit\Work\repository\org\jboss\spec\javax\transaction\jboss-transaction-api_1.2_spec\1.1.1.Final\jboss-transaction-api_1.2_spec-1.1.1.Final.jar;C:\Users\romit\Work\repository\org\jboss\jandex\2.1.3.Final\jandex-2.1.3.Final.jar;C:\Users\romit\Work\repository\com\fasterxml\classmate\1.5.1\classmate-1.5.1.jar;C:\Users\romit\Work\repository\javax\activation\javax.activation-api\1.2.0\javax.activation-api-1.2.0.jar;C:\Users\romit\Work\repository\org\dom4j\dom4j\2.1.3\dom4j-2.1.3.jar;C:\Users\romit\Work\repository\org\hibernate\common\hibernate-commons-annotations\5.1.2.Final\hibernate-commons-annotations-5.1.2.Final.jar;C:\Users\romit\Work\repository\javax\xml\bind\jaxb-api\2.3.1\jaxb-api-2.3.1.jar;C:\Users\romit\Work\repository\org\glassfish\jaxb\jaxb-runtime\2.3.1\jaxb-runtime-2.3.1.jar;C:\Users\romit\Work\repository\org\glassfish\jaxb\txw2\2.3.1\txw2-2.3.1.jar;C:\Users\romit\Work\repository\com\sun\istack\istack-commons-runtime\3.0.7\istack-commons-runtime-3.0.7.jar;C:\Users\romit\Work\repository\org\jvnet\staxex\stax-ex\1.8\stax-ex-1.8.jar;C:\Users\romit\Work\repository\com\sun\xml\fastinfoset\FastInfoset\1.2.15\FastInfoset-1.2.15.jar;C:\Users\romit\Work\repository\log4j\log4j\1.2.17\log4j-1.2.17.jar, java.vm.vendor=Oracle Corporation, sun.arch.data.model=64, user.variant=, java.vendor.url=https://java.oracle.com/, user.timezone=Asia/Calcutta, java.vm.specification.version=14, os.name=Windows 10, sun.java.launcher=SUN_STANDARD, user.country=GB, sun.boot.library.path=C:\Users\romit\.p2\pool\plugins\org.eclipse.justj.openjdk.hotspot.jre.full.win32.x86_64_14.0.2.v20200815-0932\jre\bin, sun.java.command=org.learnings.jpa.object.relational.impedance.hello.world.client.HelloWorldClient, jdk.debug=release, sun.cpu.endian=little, user.home=C:\Users\romit, user.language=en, java.specification.vendor=Oracle Corporation, java.version.date=2020-07-14, java.home=C:\Users\romit\.p2\pool\plugins\org.eclipse.justj.openjdk.hotspot.jre.full.win32.x86_64_14.0.2.v20200815-0932\jre, file.separator=\, java.vm.compressedOopsMode=Zero based, line.separator=
, java.vm.specification.vendor=Oracle Corporation, java.specification.name=Java Platform API Specification, user.script=, connection.password=rootpassword, sun.management.compiler=HotSpot 64-Bit Tiered Compilers, java.runtime.version=14.0.2+12-46, user.name=romit, path.separator=;, hibernate.connection.username=****, os.version=10.0, java.runtime.name=OpenJDK Runtime Environment, hibernate.connection.url=jdbc:mysql://localhost:3306/helloworld, file.encoding=UTF-8, java.vm.name=OpenJDK 64-Bit Server VM, java.vendor.url.bug=https://bugreport.java.com/bugreport/, java.io.tmpdir=C:\Users\romit\AppData\Local\Temp\, java.version=14.0.2, user.dir=C:\Users\romit\Work\codebase\jpa-tutorial\jpa-orm, os.arch=amd64, connection.username=root, java.vm.specification.name=Java Virtual Machine Specification, hibernate.connection.password=****, sun.os.patch.level=, hibernate.boot.CfgXmlAccessService.key=org.hibernate.boot.cfgxml.spi.LoadedConfig@78226c36, hibernate.connection.driver.class=com.mysql.cj.jdbc.Driver, java.library.path=C:\Users\romit\.p2\pool\plugins\org.eclipse.justj.openjdk.hotspot.jre.full.win32.x86_64_14.0.2.v20200815-0932\jre\bin;C:\WINDOWS\Sun\Java\bin;C:\WINDOWS\system32;C:\WINDOWS;C:/Users/romit/.p2/pool/plugins/org.eclipse.justj.openjdk.hotspot.jre.full.win32.x86_64_15.0.1.v20201027-0507/jre/bin/server;C:/Users/romit/.p2/pool/plugins/org.eclipse.justj.openjdk.hotspot.jre.full.win32.x86_64_15.0.1.v20201027-0507/jre/bin;C:\Program Files (x86)\Common Files\Oracle\Java\javapath;C:\Windows\system32;C:\Windows;C:\Windows\System32\Wbem;C:\Windows\System32\WindowsPowerShell\v1.0\;C:\Windows\System32\OpenSSH\;C:\Program Files (x86)\NVIDIA Corporation\PhysX\Common;C:\Program Files\NVIDIA Corporation\NVIDIA NvDLISR;C:\Program Files\nodejs\;C:\WINDOWS\system32;C:\WINDOWS;C:\WINDOWS\System32\Wbem;C:\WINDOWS\System32\WindowsPowerShell\v1.0\;C:\WINDOWS\System32\OpenSSH\;C:\Program Files\Git\cmd;C:\Program Files\TortoiseGit\bin;;C:\Program Files\Docker\Docker\resources\bin;C:\ProgramData\DockerDesktop\version-bin;C:\Program Files\Kubernetes\Minikube;C:\Users\romit\AppData\Local\Microsoft\WindowsApps;C:\Users\romit\AppData\Local\Programs\Microsoft VS Code\bin;%ZOOKEEPER_HOME%\bin;C:\Program Files\Java\jdk1.8.0_241\bin;C:\Program Files\apache-maven-3.6.3\bin;C:\Program Files\Java\jdk1.8.0_241\bin;C:\Program Files\Java\jre1.8.0_241\bin;C:\Users\romit\AppData\Roaming\npm;C:\kubernetes;C:\kubernetes\helm;;C:\Users\romit\Desktop;;., java.vendor=Oracle Corporation, java.vm.info=mixed mode, java.vm.version=14.0.2+12-46, hibernate.bytecode.use_reflection_optimizer=false, sun.io.unicode.encoding=UnicodeLittle, connection.url=jdbc:mysql://localhost:3306/helloworld, java.class.version=58.0}
16:49:10,455 TRACE AbstractServiceRegistryImpl:233 - Initializing service [role=org.hibernate.engine.query.spi.NativeQueryInterpreter]
16:49:10,460 DEBUG JaccIntegrator:80 - Skipping JACC integration as it was not enabled
16:49:10,461 DEBUG SessionFactoryImpl:298 - Instantiated session factory
16:49:10,462 DEBUG TypeConfiguration$Scope:157 - Scoping TypeConfiguration [org.hibernate.type.spi.TypeConfiguration@3051e0b2] to SessionFactoryImpl [org.hibernate.internal.SessionFactoryImpl@73010765]
16:49:10,480 TRACE AbstractServiceRegistryImpl:233 - Initializing service [role=org.hibernate.persister.spi.PersisterFactory]
16:49:10,483 TRACE AbstractServiceRegistryImpl:233 - Initializing service [role=org.hibernate.persister.spi.PersisterClassResolver]
16:49:10,501 TRACE AbstractServiceRegistryImpl:233 - Initializing service [role=org.hibernate.property.access.spi.PropertyAccessStrategyResolver]
16:49:10,514 DEBUG ClassLoaderAccessImpl:60 - Not known whether passed class name [org.learnings.jpa.object.relational.impedance.hello.world.model.Message] is safe
16:49:10,514 DEBUG ClassLoaderAccessImpl:62 - No temp ClassLoader provided; using live ClassLoader for loading potentially unsafe class : org.learnings.jpa.object.relational.impedance.hello.world.model.Message
16:49:10,518 TRACE AbstractServiceRegistryImpl:233 - Initializing service [role=org.hibernate.bytecode.spi.ProxyFactoryFactory]
16:49:10,699 TRACE AbstractPropertyMapping:129 - Skipping duplicate registration of path [text], existing type = [org.hibernate.type.StringType@1c7fd41f], incoming type = [org.hibernate.type.StringType@1c7fd41f]
16:49:10,699 TRACE AbstractPropertyMapping:129 - Skipping duplicate registration of path [id], existing type = [org.hibernate.type.LongType@505a9d7c], incoming type = [org.hibernate.type.LongType@505a9d7c]
16:49:10,706 DEBUG AbstractEntityPersister:3924 - Static SQL for entity: org.learnings.jpa.object.relational.impedance.hello.world.model.Message
16:49:10,706 DEBUG AbstractEntityPersister:3929 -  Version select: select ID from message where ID =?
16:49:10,707 DEBUG AbstractEntityPersister:3932 -  Snapshot select: select message_.ID, message_.TEXT as text2_0_ from message message_ where message_.ID=?
16:49:10,707 DEBUG AbstractEntityPersister:394 -  Insert 0: insert into message (TEXT, ID) values (?, ?)
16:49:10,707 DEBUG AbstractEntityPersister:394 -  Update 0: update message set TEXT=? where ID=?
16:49:10,707 DEBUG AbstractEntityPersister:394 -  Delete 0: delete from message where ID=?
16:49:10,707 DEBUG AbstractEntityPersister:3940 -  Identity insert: insert into message (TEXT) values (?)
16:49:10,724 TRACE AbstractLoadPlanBuildingAssociationVisitationStrategy:172 -  Starting root entity : org.learnings.jpa.object.relational.impedance.hello.world.model.Message
16:49:10,728 DEBUG QuerySpacesImpl:174 - Adding QuerySpace : uid = <gen:0> -> org.hibernate.loader.plan.build.internal.spaces.EntityQuerySpaceImpl@e38f0b7]
16:49:10,729 TRACE AbstractLoadPlanBuildingAssociationVisitationStrategy:113 - Pushing fetch source to stack : org.hibernate.loader.plan.build.internal.returns.EntityReturnImpl@12ad1b2a
16:49:10,729 TRACE AbstractLoadPlanBuildingAssociationVisitationStrategy:648 - .. Registering AssociationKey : AssociationKey(table=message, columns={ID}) -> org.hibernate.loader.plan.build.internal.returns.EntityReturnImpl@12ad1b2a
16:49:10,730 TRACE AbstractLoadPlanBuildingAssociationVisitationStrategy:239 - >> Starting entity identifier : org.learnings.jpa.object.relational.impedance.hello.world.model.Message
16:49:10,730 DEBUG MetamodelGraphWalker:146 - Visiting attribute path : text
16:49:10,731 TRACE AbstractLoadPlanBuildingAssociationVisitationStrategy:547 - >> Starting attribute Attribute(name=text, type=string [non-identifier])
16:49:10,731 TRACE AbstractLoadPlanBuildingAssociationVisitationStrategy:628 - << Finishing up attribute : Attribute(name=text, type=string [non-identifier])
16:49:10,731 TRACE AbstractLoadPlanBuildingAssociationVisitationStrategy:120 - Popped fetch owner from stack : org.hibernate.loader.plan.build.internal.returns.EntityReturnImpl@12ad1b2a
16:49:10,731 TRACE AbstractLoadPlanBuildingAssociationVisitationStrategy:208 -  Finished root entity : org.learnings.jpa.object.relational.impedance.hello.world.model.Message
16:49:10,731 DEBUG FetchStyleLoadPlanBuildingAssociationVisitationStrategy:150 - Building LoadPlan...
16:49:10,740 DEBUG LoadQueryJoinAndFetchProcessor:102 - processing queryspace <gen:0>
16:49:10,746 DEBUG LoadPlanTreePrinter:55 - LoadPlan(entity=org.learnings.jpa.object.relational.impedance.hello.world.model.Message)
    - Returns
       - EntityReturnImpl(entity=org.learnings.jpa.object.relational.impedance.hello.world.model.Message, querySpaceUid=<gen:0>, path=org.learnings.jpa.object.relational.impedance.hello.world.model.Message)
    - QuerySpaces
       - EntityQuerySpaceImpl(uid=<gen:0>, entity=org.learnings.jpa.object.relational.impedance.hello.world.model.Message)
          - SQL table alias mapping - message0_
          - alias suffix - 0_
          - suffixed key columns - {id1_0_0_}

16:49:10,748 DEBUG EntityLoader:129 - Static select for entity org.learnings.jpa.object.relational.impedance.hello.world.model.Message [NONE]: select message0_.ID as id1_0_0_, message0_.TEXT as text2_0_0_ from message message0_ where message0_.ID=?
16:49:10,762 TRACE MetadataContext:204 - Wrapping up metadata context...
16:49:10,763 TRACE MetadataContext:216 - Starting entity [org.learnings.jpa.object.relational.impedance.hello.world.model.Message]
16:49:10,763 TRACE AttributeFactory:173 - Building identifier attribute [Message.id]
16:49:10,763 TRACE AttributeFactory:482 - Starting attribute metadata determination [id]
16:49:10,764 TRACE AttributeFactory:487 -     Determined member [private java.lang.Long org.learnings.jpa.object.relational.impedance.hello.world.model.Message.id]
16:49:10,764 TRACE AttributeFactory:491 -     Determined type [name=long, class=org.hibernate.type.LongType]
16:49:10,768 TRACE AttributeFactory:90 - Building attribute [Message.text]
16:49:10,769 TRACE AttributeFactory:482 - Starting attribute metadata determination [text]
16:49:10,769 TRACE AttributeFactory:487 -     Determined member [private java.lang.String org.learnings.jpa.object.relational.impedance.hello.world.model.Message.text]
16:49:10,769 TRACE AttributeFactory:491 -     Determined type [name=string, class=org.hibernate.type.StringType]
16:49:10,769 TRACE MetadataContext:251 - Completed entity [org.learnings.jpa.object.relational.impedance.hello.world.model.Message]
16:49:10,772 DEBUG SchemaManagementToolCoordinator:57 - No actions specified; doing nothing
16:49:10,772 TRACE AbstractServiceRegistryImpl:233 - Initializing service [role=org.hibernate.engine.transaction.jta.platform.spi.JtaPlatform]
16:49:10,773 DEBUG JtaPlatformInitiator:43 - No JtaPlatform was specified, checking resolver
16:49:10,773 TRACE AbstractServiceRegistryImpl:233 - Initializing service [role=org.hibernate.engine.transaction.jta.platform.spi.JtaPlatformResolver]
16:49:10,774 DEBUG JtaPlatformResolverInitiator:33 - No JtaPlatformResolver was specified, using default [org.hibernate.engine.transaction.jta.platform.internal.StandardJtaPlatformResolver]
16:49:10,777 DEBUG StandardJtaPlatformResolver:137 - Could not resolve JtaPlatform, using default [org.hibernate.engine.transaction.jta.platform.internal.NoJtaPlatform]
16:49:10,778  INFO JtaPlatformInitiator:52 - HHH000490: Using JtaPlatform implementation: [org.hibernate.engine.transaction.jta.platform.internal.NoJtaPlatform]
16:49:10,778 DEBUG NamedQueryRepository:153 - Checking 0 named HQL queries
16:49:10,779 DEBUG NamedQueryRepository:167 - Checking 0 named SQL queries
16:49:10,783 TRACE TypeConfiguration$Scope:205 - Handling #sessionFactoryCreated from [org.hibernate.internal.SessionFactoryImpl@73010765] for TypeConfiguration
16:49:10,784 DEBUG SessionFactoryRegistry:51 - Initializing SessionFactoryRegistry : org.hibernate.internal.SessionFactoryRegistry@5e99b9c
16:49:10,784 TRACE AbstractServiceRegistryImpl:233 - Initializing service [role=org.hibernate.engine.jndi.spi.JndiService]
16:49:10,786 DEBUG SessionFactoryRegistry:73 - Registering SessionFactory: 025321bd-ea28-4bd6-a2bd-ab62975b549b (<unnamed>)
16:49:10,786 DEBUG SessionFactoryRegistry:80 - Not binding SessionFactory to JNDI, no JNDI name configured
16:49:10,787 TRACE SessionFactoryImpl$SessionBuilderImpl:1264 - Opening Hibernate Session.  tenant=null
16:49:10,832 TRACE AbstractServiceRegistryImpl:233 - Initializing service [role=org.hibernate.stat.spi.StatisticsImplementor]
16:49:10,837 DEBUG StatisticsInitiator:101 - Statistics initialized [enabled=false]
16:49:10,840 TRACE AbstractServiceRegistryImpl:233 - Initializing service [role=org.hibernate.jmx.spi.JmxService]
16:49:10,842 TRACE SessionImpl:270 - Opened Session [14f39525-89b2-473c-9bf9-e5cdfc67bc7d] at timestamp: 1612696750813
16:49:10,845 DEBUG TransactionImpl:53 - On TransactionImpl creation, JpaCompliance#isJpaTransactionComplianceEnabled == false
16:49:10,845 DEBUG TransactionImpl:81 - begin
16:49:10,845 TRACE AbstractLogicalConnectionImplementor:71 - Preparing to begin transaction via JDBC Connection.setAutoCommit(false)
16:49:10,847 TRACE AbstractLogicalConnectionImplementor:73 - Transaction begun via JDBC Connection.setAutoCommit(false)
16:49:10,847 TRACE JdbcResourceLocalTransactionCoordinatorImpl:177 - ResourceLocalTransactionCoordinatorImpl#afterBeginCallback
16:49:10,849 TRACE DefaultSaveOrUpdateEventListener:165 - Saving transient instance
16:49:10,850 TRACE AbstractSaveEventListener:167 - Saving [org.learnings.jpa.object.relational.impedance.hello.world.model.Message#<null>]
16:49:10,860 TRACE ActionQueue:316 - Adding an EntityIdentityInsertAction for [org.learnings.jpa.object.relational.impedance.hello.world.model.Message] object
16:49:10,861 TRACE ActionQueue:257 - Executing inserts before finding non-nullable transient entities for early insert: [EntityIdentityInsertAction[org.learnings.jpa.object.relational.impedance.hello.world.model.Message#<null>]]
16:49:10,862 TRACE ActionQueue:262 - Adding insert with no non-nullable, transient entities: [EntityIdentityInsertAction[org.learnings.jpa.object.relational.impedance.hello.world.model.Message#<null>]]
16:49:10,862 TRACE ActionQueue:279 - Executing insertions before resolved early-insert
16:49:10,863 DEBUG ActionQueue:281 - Executing identity-insert immediately
16:49:10,864 TRACE AbstractEntityPersister:3184 - Inserting entity: org.learnings.jpa.object.relational.impedance.hello.world.model.Message (native id)
16:49:10,867 DEBUG SQL:144 - insert into message (TEXT) values (?)
16:49:10,879 TRACE ResourceRegistryStandardImpl:83 - Registering statement [com.mysql.cj.jdbc.ClientPreparedStatement: insert into message (TEXT) values (** NOT SPECIFIED **)]
16:49:10,879 TRACE AbstractEntityPersister:2990 - Dehydrating entity: [org.learnings.jpa.object.relational.impedance.hello.world.model.Message#<null>]
16:49:10,881 TRACE BasicBinder:64 - binding parameter [1] as [VARCHAR] - [Hello World! This is my first Message]
16:49:10,888 DEBUG IdentifierGeneratorHelper:78 - Natively generated identity: 4
16:49:10,888 TRACE ResourceRegistryStandardImpl:118 - Releasing result set [com.mysql.cj.jdbc.result.ResultSetImpl@5dfe23e8]
16:49:10,888 TRACE ResourceRegistryStandardImpl:161 - Closing result set [com.mysql.cj.jdbc.result.ResultSetImpl@5dfe23e8]
16:49:10,888 TRACE ResourceRegistryStandardImpl:97 - Releasing statement [com.mysql.cj.jdbc.ClientPreparedStatement: insert into message (TEXT) values ('Hello World! This is my first Message')]
16:49:10,888 DEBUG ResourceRegistryStandardImpl:106 - HHH000387: ResultSet's statement was not registered
16:49:10,889 TRACE ResourceRegistryStandardImpl:177 - Closing prepared statement [com.mysql.cj.jdbc.ClientPreparedStatement: insert into message (TEXT) values ('Hello World! This is my first Message')]
16:49:10,889 TRACE JdbcCoordinatorImpl:255 - Starting after statement execution processing [AFTER_TRANSACTION]
16:49:10,891 DEBUG TransactionImpl:98 - committing
16:49:10,891 TRACE JdbcResourceLocalTransactionCoordinatorImpl:181 - ResourceLocalTransactionCoordinatorImpl#beforeCompletionCallback
16:49:10,891 TRACE SessionImpl:2379 - SessionImpl#beforeTransactionCompletion()
16:49:10,891 TRACE SessionImpl:452 - Automatically flushing session
16:49:10,892 TRACE AbstractFlushingEventListener:74 - Flushing session
16:49:10,892 DEBUG AbstractFlushingEventListener:139 - Processing flush-time cascades
16:49:10,893 DEBUG AbstractFlushingEventListener:192 - Dirty checking collections
16:49:10,894 TRACE AbstractFlushingEventListener:205 - Flushing entities and processing referenced collections
16:49:10,895 TRACE AbstractFlushingEventListener:248 - Processing unreferenced collections
16:49:10,896 TRACE AbstractFlushingEventListener:261 - Scheduling collection removes/(re)creates/updates
16:49:10,898 DEBUG AbstractFlushingEventListener:113 - Flushed: 0 insertions, 0 updates, 0 deletions to 1 objects
16:49:10,898 DEBUG AbstractFlushingEventListener:120 - Flushed: 0 (re)creations, 0 updates, 0 removals to 0 collections
16:49:10,898 DEBUG EntityPrinter:110 - Listing entities:
16:49:10,899 DEBUG EntityPrinter:117 - org.learnings.jpa.object.relational.impedance.hello.world.model.Message{id=4, text=Hello World! This is my first Message}
16:49:10,899 TRACE AbstractFlushingEventListener:333 - Executing flush
16:49:10,899 TRACE JdbcCoordinatorImpl:255 - Starting after statement execution processing [AFTER_TRANSACTION]
16:49:10,899 TRACE AbstractFlushingEventListener:368 - Post flush
16:49:10,900 TRACE AbstractLogicalConnectionImplementor:53 - LogicalConnection#beforeTransactionCompletion
16:49:10,900 TRACE SynchronizationRegistryStandardImpl:55 - SynchronizationRegistryStandardImpl.notifySynchronizationsBeforeTransactionCompletion
16:49:10,900 TRACE AbstractLogicalConnectionImplementor:85 - Preparing to commit transaction via JDBC Connection.commit()
16:49:10,902 TRACE AbstractLogicalConnectionImplementor:88 - Transaction committed via JDBC Connection.commit()
16:49:10,902 TRACE AbstractLogicalConnectionImplementor:58 - LogicalConnection#afterTransaction
16:49:10,902 TRACE ResourceRegistryStandardImpl:317 - Releasing JDBC resources
16:49:10,903 DEBUG LogicalConnectionManagedImpl:172 - Initiating JDBC connection release from afterTransaction
16:49:10,903 TRACE ResourceRegistryStandardImpl:317 - Releasing JDBC resources
16:49:10,904 TRACE JdbcResourceLocalTransactionCoordinatorImpl:199 - ResourceLocalTransactionCoordinatorImpl#afterCompletionCallback(true)
16:49:10,904 TRACE SynchronizationRegistryStandardImpl:159 - SynchronizationRegistryStandardImpl.notifySynchronizationsAfterTransactionCompletion(3)
16:49:10,904 TRACE AbstractLogicalConnectionImplementor:58 - LogicalConnection#afterTransaction
16:49:10,904 TRACE ResourceRegistryStandardImpl:317 - Releasing JDBC resources
16:49:10,904 DEBUG LogicalConnectionManagedImpl:172 - Initiating JDBC connection release from afterTransaction
16:49:10,904 TRACE SessionImpl:2394 - SessionImpl#afterTransactionCompletion(successful=true, delayed=false)
16:49:10,904 TRACE SessionImpl:366 - Closing session [14f39525-89b2-473c-9bf9-e5cdfc67bc7d]
16:49:10,904 TRACE JdbcCoordinatorImpl:166 - Closing JDBC container [org.hibernate.engine.jdbc.internal.JdbcCoordinatorImpl@66fb45e5]
16:49:10,904 TRACE ResourceRegistryStandardImpl:317 - Releasing JDBC resources
16:49:10,904 TRACE LogicalConnectionManagedImpl:256 - Closing logical connection
16:49:10,904 TRACE LogicalConnectionManagedImpl:263 - Logical connection closed
16:50:15,054 DEBUG SQL:144 - insert into message (TEXT) values (?)
16:50:15,073 TRACE BasicBinder:64 - binding parameter [1] as [VARCHAR] - [Hello World! This is my first Message]
17:19:03,687 DEBUG SQL:144 - select message0_.ID as id1_0_0_, message0_.TEXT as text2_0_0_ from message message0_ where message0_.ID=?
17:19:03,707 TRACE BasicBinder:64 - binding parameter [1] as [BIGINT] - [2]
17:20:04,584 DEBUG SQL:144 - 
    select
        message0_.ID as id1_0_0_,
        message0_.TEXT as text2_0_0_ 
    from
        message message0_ 
    where
        message0_.ID=?
17:20:04,605 TRACE BasicBinder:64 - binding parameter [1] as [BIGINT] - [2]
17:21:48,148 DEBUG SQL:144 - 
    select
        message0_.ID as id1_0_0_,
        message0_.TEXT as text2_0_0_ 
    from
        message message0_ 
    where
        message0_.ID=?
17:21:48,168 TRACE BasicBinder:64 - binding parameter [1] as [BIGINT] - [2]
17:21:48,193 DEBUG SQL:144 - 
    update
        message 
    set
        TEXT=? 
    where
        ID=?
17:21:48,194 TRACE BasicBinder:64 - binding parameter [1] as [VARCHAR] - [Text updation after Read]
17:21:48,194 TRACE BasicBinder:64 - binding parameter [2] as [BIGINT] - [2]
17:22:36,190 DEBUG SQL:144 - 
    select
        message0_.ID as id1_0_0_,
        message0_.TEXT as text2_0_0_ 
    from
        message message0_ 
    where
        message0_.ID=?
17:22:36,214 TRACE BasicBinder:64 - binding parameter [1] as [BIGINT] - [2]
17:22:36,238 DEBUG SQL:144 - 
    update
        message 
    set
        TEXT=? 
    where
        ID=?
17:22:36,238 TRACE BasicBinder:64 - binding parameter [1] as [VARCHAR] - [Text updation after Read using automatically dirty Read]
17:22:36,239 TRACE BasicBinder:64 - binding parameter [2] as [BIGINT] - [2]
17:24:17,555 DEBUG SQL:144 - 
    select
        message0_.ID as id1_0_0_,
        message0_.TEXT as text2_0_0_ 
    from
        message message0_ 
    where
        message0_.ID=?
17:24:17,575 TRACE BasicBinder:64 - binding parameter [1] as [BIGINT] - [2]
17:25:17,761 DEBUG SQL:144 - 
    select
        message0_.ID as id1_0_0_,
        message0_.TEXT as text2_0_0_ 
    from
        message message0_ 
    where
        message0_.ID=?
17:25:17,782 TRACE BasicBinder:64 - binding parameter [1] as [BIGINT] - [2]
17:25:17,811 DEBUG SQL:144 - 
    update
        message 
    set
        TEXT=? 
    where
        ID=?
17:25:17,811 TRACE BasicBinder:64 - binding parameter [1] as [VARCHAR] - [updation after first session closure]
17:25:17,812 TRACE BasicBinder:64 - binding parameter [2] as [BIGINT] - [2]
17:26:33,247 DEBUG SQL:144 - 
    select
        message0_.ID as id1_0_0_,
        message0_.TEXT as text2_0_0_ 
    from
        message message0_ 
    where
        message0_.ID=?
17:26:33,268 TRACE BasicBinder:64 - binding parameter [1] as [BIGINT] - [2]
17:26:33,293 DEBUG SQL:144 - 
    select
        message0_.ID as id1_0_0_,
        message0_.TEXT as text2_0_0_ 
    from
        message message0_ 
    where
        message0_.ID=?
17:26:33,294 TRACE BasicBinder:64 - binding parameter [1] as [BIGINT] - [3]
17:26:33,298 DEBUG SQL:144 - 
    update
        message 
    set
        TEXT=? 
    where
        ID=?
17:26:33,300 TRACE BasicBinder:64 - binding parameter [1] as [VARCHAR] - [updation after first session closure]
17:26:33,300 TRACE BasicBinder:64 - binding parameter [2] as [BIGINT] - [2]
17:26:33,302 DEBUG SQL:144 - 
    update
        message 
    set
        TEXT=? 
    where
        ID=?
17:26:33,302 TRACE BasicBinder:64 - binding parameter [1] as [VARCHAR] - [updation after first session closure]
17:26:33,302 TRACE BasicBinder:64 - binding parameter [2] as [BIGINT] - [3]
17:27:20,677 DEBUG SQL:144 - 
    select
        message0_.ID as id1_0_0_,
        message0_.TEXT as text2_0_0_ 
    from
        message message0_ 
    where
        message0_.ID=?
17:27:20,696 TRACE BasicBinder:64 - binding parameter [1] as [BIGINT] - [2]
17:27:20,722 DEBUG SQL:144 - 
    select
        message0_.ID as id1_0_0_,
        message0_.TEXT as text2_0_0_ 
    from
        message message0_ 
    where
        message0_.ID=?
17:27:20,722 TRACE BasicBinder:64 - binding parameter [1] as [BIGINT] - [2]
17:28:50,379 DEBUG SQL:144 - 
    select
        message0_.ID as id1_0_0_,
        message0_.TEXT as text2_0_0_ 
    from
        message message0_ 
    where
        message0_.ID=?
17:28:50,401 TRACE BasicBinder:64 - binding parameter [1] as [BIGINT] - [2]
17:28:50,431 DEBUG SQL:144 - 
    select
        message0_.ID as id1_0_0_,
        message0_.TEXT as text2_0_0_ 
    from
        message message0_ 
    where
        message0_.ID=?
17:28:50,432 TRACE BasicBinder:64 - binding parameter [1] as [BIGINT] - [2]
17:31:17,132 DEBUG SQL:144 - 
    select
        message0_.ID as id1_0_0_,
        message0_.TEXT as text2_0_0_ 
    from
        message message0_ 
    where
        message0_.ID=?
17:31:17,155 TRACE BasicBinder:64 - binding parameter [1] as [BIGINT] - [2]
17:31:17,183 DEBUG SQL:144 - 
    delete 
    from
        message 
    where
        ID=?
17:31:17,184 TRACE BasicBinder:64 - binding parameter [1] as [BIGINT] - [2]
